9	3R	-	3461351	3587054	FBtr0113885	6	3112	FBgn0010247	Parp	7.600407	10.997173
  P35875
9	3R	-	3461351	3587054	FBtr0113885	6	3112	FBgn0010247	Parp	7.600407	10.997173
  Unknown
36	3R	-	4189692	4190260	FBtr0078989	1	569	FBgn0000500	Dsk	0.000000	0.000000
  P09040
36	3R	-	4189692	4190260	FBtr0078989	1	569	FBgn0000500	Dsk	0.000000	0.000000
  Unknown
50	3R	-	4227387	4229238	FBtr0078986	5	1590	FBgn0261436	DhpD	0.000000	0.000000
  Q9VMY9
50	3R	-	4227387	4229238	FBtr0078986	5	1590	FBgn0261436	DhpD	0.000000	0.000000
  Unknown
52	3R	+	4233047	4235041	FBtr0078967	1	1995	FBgn0015331	abs	15.495739	22.421080
  Q9V3C0
52	3R	+	4233047	4235041	FBtr0078967	1	1995	FBgn0015331	abs	15.495739	22.421080
  Unknown
53	3R	+	4235217	4241057	FBtr0078968	8	2836	FBgn0010225	Gel	0.000000	0.000000
  Q07171
53	3R	+	4235217	4241057	FBtr0078968	8	2836	FBgn0010225	Gel	0.000000	0.000000
  Unknown
54	3R	+	4235217	4241057	FBtr0078969	10	2940	FBgn0010225	Gel	0.000000	0.000000
  Q07171
54	3R	+	4235217	4241057	FBtr0078969	10	2940	FBgn0010225	Gel	0.000000	0.000000
  Unknown
55	3R	+	4235217	4241057	FBtr0078973	8	2807	FBgn0010225	Gel	0.000000	0.000000
  Q07171
55	3R	+	4235217	4241057	FBtr0078973	8	2807	FBgn0010225	Gel	0.000000	0.000000
  Unknown
56	3R	+	4235217	4241057	FBtr0309256	9	2897	FBgn0010225	Gel	0.000000	0.000000
  Q07171
56	3R	+	4235217	4241057	FBtr0309256	9	2897	FBgn0010225	Gel	0.000000	0.000000
  Unknown
57	3R	+	4235217	4241057	FBtr0336707	7	2584	FBgn0010225	Gel	0.000000	0.000000
  Q07171
57	3R	+	4235217	4241057	FBtr0336707	7	2584	FBgn0010225	Gel	0.000000	0.000000
  Unknown
58	3R	+	4236788	4241057	FBtr0078971	7	2628	FBgn0010225	Gel	0.000000	0.000000
  Q07171
58	3R	+	4236788	4241057	FBtr0078971	7	2628	FBgn0010225	Gel	0.000000	0.000000
  Unknown
59	3R	+	4236788	4241057	FBtr0309257	8	2839	FBgn0010225	Gel	0.000000	0.000000
  Q07171
59	3R	+	4236788	4241057	FBtr0309257	8	2839	FBgn0010225	Gel	0.000000	0.000000
  Unknown
72	3R	+	4256972	4258444	FBtr0078977	6	1158	FBgn0041621	Or82a	0.000000	0.000000
  P82986
72	3R	+	4256972	4258444	FBtr0078977	6	1158	FBgn0041621	Or82a	0.000000	0.000000
  Unknown
77	3R	+	4280221	4301541	FBtr0078897	7	3628	FBgn0041605	cpx	0.000000	0.000000
  Q8IPM8
77	3R	+	4280221	4301541	FBtr0078897	7	3628	FBgn0041605	cpx	0.000000	0.000000
  Unknown
78	3R	+	4280221	4304604	FBtr0336482	5	9682	FBgn0041605	cpx	0.000000	0.000000
  Q8IPM8
78	3R	+	4280221	4304604	FBtr0336482	5	9682	FBgn0041605	cpx	0.000000	0.000000
  Unknown
79	3R	+	4280385	4301541	FBtr0078898	7	3577	FBgn0041605	cpx	0.000000	0.000000
  Q8IPM8
79	3R	+	4280385	4301541	FBtr0078898	7	3577	FBgn0041605	cpx	0.000000	0.000000
  Unknown
80	3R	+	4280385	4301541	FBtr0078899	7	3930	FBgn0041605	cpx	0.000000	0.000000
  Q8IPM8
80	3R	+	4280385	4301541	FBtr0078899	7	3930	FBgn0041605	cpx	0.000000	0.000000
  Unknown
81	3R	+	4280385	4301541	FBtr0301768	7	5137	FBgn0041605	cpx	0.000000	0.000000
  Q8IPM8
81	3R	+	4280385	4301541	FBtr0301768	7	5137	FBgn0041605	cpx	0.000000	0.000000
  Unknown
82	3R	+	4280385	4301541	FBtr0301769	7	3538	FBgn0041605	cpx	0.000000	0.000000
  Q8IPM8
82	3R	+	4280385	4301541	FBtr0301769	7	3538	FBgn0041605	cpx	0.000000	0.000000
  Unknown
83	3R	+	4281705	4301541	FBtr0078900	7	3650	FBgn0041605	cpx	0.000000	0.000000
  Q8IPM8
83	3R	+	4281705	4301541	FBtr0078900	7	3650	FBgn0041605	cpx	0.000000	0.000000
  Unknown
84	3R	+	4281705	4304604	FBtr0078902	6	2888	FBgn0041605	cpx	0.000000	0.000000
  Q8IPM8
84	3R	+	4281705	4304604	FBtr0078902	6	2888	FBgn0041605	cpx	0.000000	0.000000
  Unknown
85	3R	+	4281838	4301541	FBtr0113338	7	3649	FBgn0041605	cpx	0.000000	0.000000
  Q8IPM8
85	3R	+	4281838	4301541	FBtr0113338	7	3649	FBgn0041605	cpx	0.000000	0.000000
  Unknown
86	3R	+	4281838	4301541	FBtr0113340	7	3576	FBgn0041605	cpx	0.000000	0.000000
  Q8IPM8
86	3R	+	4281838	4301541	FBtr0113340	7	3576	FBgn0041605	cpx	0.000000	0.000000
  Unknown
87	3R	+	4281838	4301541	FBtr0301770	7	3561	FBgn0041605	cpx	0.000000	0.000000
  Q8IPM8
87	3R	+	4281838	4301541	FBtr0301770	7	3561	FBgn0041605	cpx	0.000000	0.000000
  Unknown
88	3R	+	4282164	4301541	FBtr0113341	7	3634	FBgn0041605	cpx	0.000000	0.000000
  Q8IPM8
88	3R	+	4282164	4301541	FBtr0113341	7	3634	FBgn0041605	cpx	0.000000	0.000000
  Unknown
89	3R	+	4282164	4301541	FBtr0300789	8	3655	FBgn0041605	cpx	0.000000	0.000000
  Q8IPM8
89	3R	+	4282164	4301541	FBtr0300789	8	3655	FBgn0041605	cpx	0.000000	0.000000
  Unknown
