               SRR072893    SRR072894    SRR072895         sums
t_name                                                         
FBtr0078921   494.754303   346.853119   391.048431  1232.655853
FBtr0078892   242.192657   347.382477   299.761993   889.337127
FBtr0078806   136.630890   194.199326   177.593399   508.423615
FBtr0078769   954.192017  2059.529785  1295.047241  4308.769043
FBtr0078700   217.414261   138.884598   216.677155   572.976014
FBtr0078705  1310.891479  2967.182617  1865.089478  6143.163574
FBtr0078629   235.683563   183.498352   218.826477   638.008392
FBtr0078650   306.991760   260.550842   312.182404   879.725006
FBtr0081635   379.555603  1081.843140   478.143921  1939.542664
FBtr0081642   279.076172   494.333130   325.028473  1098.437775
FBtr0081639  1286.639160  1956.950195  1688.988403  4932.577758
FBtr0081538   172.386017   267.925018   223.933533   664.244568
FBtr0081882   341.426025   395.469269   280.944519  1017.839813
FBtr0081915   237.937683   282.599976   319.460815   839.998474
FBtr0081918   217.103119   234.771698   144.387878   596.262695
FBtr0081932   410.068695   221.429764   200.689423   832.187882
FBtr0082010   313.301147   407.317261   389.439850  1110.058258
FBtr0081988   182.078354   298.322083   200.101715   680.502152
FBtr0344368   463.846344   348.495728   461.487396  1273.829468
FBtr0082049   153.194977   612.265137   289.378174  1054.838288
FBtr0339177   185.705780   742.199280   350.789612  1278.694672
FBtr0082106   367.336578   236.033188   369.458191   972.827957
FBtr0082103   402.291382   263.416138   191.319458   857.026978
FBtr0308353   288.907898   141.569260   158.537354   589.014512
FBtr0082136  1569.939331   767.609070  1690.996704  4028.545105
FBtr0082140   269.876709   128.319336   263.618134   661.814179
FBtr0082304   251.871643   173.885742   272.294128   698.051513
FBtr0082287   136.977280   212.327255   229.355347   578.659882
FBtr0082344   693.504333  1744.021362  1827.834595  4265.360290
FBtr0347181   434.909515    28.493208   104.403328   567.806051
...                  ...          ...          ...          ...
FBtr0080163   738.957458    32.706913   938.293884  1709.958255
FBtr0080157   194.212952   352.893311   242.988525   790.094788
FBtr0080306   468.660065   191.757126   118.073547   778.490738
FBtr0300567   540.989990   578.945923   126.027893  1245.963806
FBtr0080411   228.338852   250.804291   198.131912   677.275055
FBtr0342637   163.189011   368.791718   206.147873   738.128602
FBtr0080524   259.957855   572.327393   323.099609  1155.384857
FBtr0345449   241.338638   545.402466   304.869995  1091.611099
FBtr0080833   157.626144   173.867874   192.509338   524.003356
FBtr0080845   295.779541   323.579285   363.547302   982.906128
FBtr0080884   200.346619   209.454605   147.184616   556.985840
FBtr0080889   366.399261   422.844910   441.369019  1230.613190
FBtr0081091     9.990817   497.734741     6.464790   514.190348
FBtr0081089  1109.228394   941.406189  1633.743530  3684.378113
FBtr0081181   973.094849   556.581543  1299.275146  2828.951538
FBtr0081208   204.229599   272.511353   158.099457   634.840409
FBtr0081287   241.398849   156.402985   256.854614   654.656448
FBtr0081253   135.599197   121.362198   267.583710   524.545105
FBtr0081300   196.917450   418.619629   257.010498   872.547577
FBtr0085919   965.058960   310.897400  1144.629761  2420.586121
FBtr0332966    12.637074   685.993774    12.293766   710.924614
FBtr0085911  2379.820557   761.163574  2997.057373  6138.041504
FBtr0085912    13.484326   731.986328    13.118002   758.588656
FBtr0085961   955.404358   564.471680  1136.614990  2656.491028
FBtr0345541   868.176941   440.555450  1052.970459  2361.702850
FBtr0111132  1612.656372   431.522919  2058.244873  4102.424164
FBtr0308296  1597.786621   409.025757  1556.731445  3563.543823
FBtr0089186   408.754913   166.560089   342.099091   917.414093
FBtr0344754   336.903473   125.730446   281.964508   744.598427
FBtr0100888  2339.313232    34.080185   927.591858  3300.985275

[403 rows x 4 columns]
